2025-12-14 19:25:30,478 INFO: VoyagesDZ startup [in C:\Users\TRANSHOST\OneDrive\Bureau\cntlacc\SSAD-Cntrl-Acc-Projet\app.py:167]
2025-12-14 19:25:32,775 INFO: VoyagesDZ startup [in C:\Users\TRANSHOST\OneDrive\Bureau\cntlacc\SSAD-Cntrl-Acc-Projet\app.py:167]
2025-12-14 19:29:10,709 INFO: VoyagesDZ startup [in C:\Users\TRANSHOST\OneDrive\Bureau\cntlacc\SSAD-Cntrl-Acc-Projet\app.py:168]
2025-12-14 19:29:29,653 INFO: VoyagesDZ startup [in C:\Users\TRANSHOST\OneDrive\Bureau\cntlacc\SSAD-Cntrl-Acc-Projet\app.py:168]
2025-12-14 19:29:31,506 INFO: VoyagesDZ startup [in C:\Users\TRANSHOST\OneDrive\Bureau\cntlacc\SSAD-Cntrl-Acc-Projet\app.py:168]
2025-12-15 00:01:57,923 INFO: VoyagesDZ startup [in C:\Users\TRANSHOST\OneDrive\Bureau\cntlacc\SSAD-Cntrl-Acc-Projet\app.py:168]
2025-12-15 00:02:00,686 INFO: VoyagesDZ startup [in C:\Users\TRANSHOST\OneDrive\Bureau\cntlacc\SSAD-Cntrl-Acc-Projet\app.py:168]
2025-12-15 01:03:14,161 INFO: VoyagesDZ startup [in C:\Users\TRANSHOST\OneDrive\Bureau\cntlacc\SSAD-Cntrl-Acc-Projet\app.py:157]
2025-12-15 01:03:16,492 INFO: VoyagesDZ startup [in C:\Users\TRANSHOST\OneDrive\Bureau\cntlacc\SSAD-Cntrl-Acc-Projet\app.py:157]
2025-12-15 01:08:26,960 INFO: VoyagesDZ startup [in C:\Users\TRANSHOST\OneDrive\Bureau\cntlacc\SSAD-Cntrl-Acc-Projet\app.py:157]
2025-12-15 01:10:16,781 INFO: VoyagesDZ startup [in C:\Users\TRANSHOST\OneDrive\Bureau\cntlacc\SSAD-Cntrl-Acc-Projet\app.py:157]
2025-12-15 01:10:18,878 INFO: VoyagesDZ startup [in C:\Users\TRANSHOST\OneDrive\Bureau\cntlacc\SSAD-Cntrl-Acc-Projet\app.py:157]
2025-12-15 01:17:25,391 INFO: VoyagesDZ startup [in C:\Users\TRANSHOST\OneDrive\Bureau\cntlacc\SSAD-Cntrl-Acc-Projet\app.py:158]
2025-12-15 01:25:03,364 INFO: VoyagesDZ startup [in C:\Users\TRANSHOST\OneDrive\Bureau\cntlacc\SSAD-Cntrl-Acc-Projet\app.py:204]
2025-12-15 01:25:05,238 INFO: VoyagesDZ startup [in C:\Users\TRANSHOST\OneDrive\Bureau\cntlacc\SSAD-Cntrl-Acc-Projet\app.py:204]
2025-12-15 01:28:55,165 INFO: VoyagesDZ startup [in C:\Users\TRANSHOST\OneDrive\Bureau\cntlacc\SSAD-Cntrl-Acc-Projet\app.py:160]
2025-12-15 01:37:11,746 INFO: VoyagesDZ startup [in C:\Users\TRANSHOST\OneDrive\Bureau\cntlacc\SSAD-Cntrl-Acc-Projet\app.py:160]
2025-12-15 01:37:15,102 INFO: VoyagesDZ startup [in C:\Users\TRANSHOST\OneDrive\Bureau\cntlacc\SSAD-Cntrl-Acc-Projet\app.py:160]
2025-12-15 01:43:34,389 INFO: VoyagesDZ startup [in C:\Users\TRANSHOST\OneDrive\Bureau\cntlacc\SSAD-Cntrl-Acc-Projet\app.py:160]
2025-12-15 01:43:40,045 INFO: VoyagesDZ startup [in C:\Users\TRANSHOST\OneDrive\Bureau\cntlacc\SSAD-Cntrl-Acc-Projet\app.py:160]
2025-12-15 01:51:36,029 INFO: VoyagesDZ startup [in C:\Users\TRANSHOST\OneDrive\Bureau\cntlacc\SSAD-Cntrl-Acc-Projet\app.py:160]
2025-12-15 01:51:37,859 INFO: VoyagesDZ startup [in C:\Users\TRANSHOST\OneDrive\Bureau\cntlacc\SSAD-Cntrl-Acc-Projet\app.py:160]
2025-12-15 07:29:16,926 INFO: VoyagesDZ startup [in C:\Users\TRANSHOST\OneDrive\Bureau\cntlacc\SSAD-Cntrl-Acc-Projet\app.py:160]
2025-12-15 07:29:18,870 INFO: VoyagesDZ startup [in C:\Users\TRANSHOST\OneDrive\Bureau\cntlacc\SSAD-Cntrl-Acc-Projet\app.py:160]
2025-12-15 07:29:39,734 INFO: Redirection de sarah@voyagesdz.dz (Rôle: EMPLOYEE) vers l'endpoint dashboard.employee [in C:\Users\TRANSHOST\OneDrive\Bureau\cntlacc\SSAD-Cntrl-Acc-Projet\app.py:96]
2025-12-15 07:43:10,856 INFO: VoyagesDZ startup [in C:\Users\TRANSHOST\OneDrive\Bureau\cntlacc\SSAD-Cntrl-Acc-Projet\app.py:160]
2025-12-15 07:43:28,115 INFO: VoyagesDZ startup [in C:\Users\TRANSHOST\OneDrive\Bureau\cntlacc\SSAD-Cntrl-Acc-Projet\app.py:160]
2025-12-15 07:44:37,949 INFO: Redirection de karim@voyagesdz.dz (Rôle: MANAGER_DEPT) vers l'endpoint dashboard.manager_dept [in C:\Users\TRANSHOST\OneDrive\Bureau\cntlacc\SSAD-Cntrl-Acc-Projet\app.py:96]
2025-12-15 07:45:01,882 INFO: Redirection de karim@voyagesdz.dz (Rôle: MANAGER_DEPT) vers l'endpoint dashboard.manager_dept [in C:\Users\TRANSHOST\OneDrive\Bureau\cntlacc\SSAD-Cntrl-Acc-Projet\app.py:96]
2025-12-15 07:53:15,096 INFO: VoyagesDZ startup [in C:\Users\TRANSHOST\OneDrive\Bureau\cntlacc\SSAD-Cntrl-Acc-Projet\app.py:160]
2025-12-15 07:53:16,849 INFO: VoyagesDZ startup [in C:\Users\TRANSHOST\OneDrive\Bureau\cntlacc\SSAD-Cntrl-Acc-Projet\app.py:160]
2025-12-15 07:54:01,899 INFO: Redirection de omar@voyagesdz.dz (Rôle: DIRECTOR_SITE) vers l'endpoint dashboard.director_site [in C:\Users\TRANSHOST\OneDrive\Bureau\cntlacc\SSAD-Cntrl-Acc-Projet\app.py:96]
2025-12-15 07:55:03,835 INFO: Redirection de omar@voyagesdz.dz (Rôle: DIRECTOR_SITE) vers l'endpoint dashboard.director_site [in C:\Users\TRANSHOST\OneDrive\Bureau\cntlacc\SSAD-Cntrl-Acc-Projet\app.py:96]
2025-12-15 08:03:18,200 INFO: VoyagesDZ startup [in C:\Users\TRANSHOST\OneDrive\Bureau\cntlacc\SSAD-Cntrl-Acc-Projet\app.py:160]
2025-12-15 08:05:25,280 INFO: Redirection de omar@voyagesdz.dz (Rôle: DIRECTOR_SITE) vers l'endpoint dashboard.director_site [in C:\Users\TRANSHOST\OneDrive\Bureau\cntlacc\SSAD-Cntrl-Acc-Projet\app.py:96]
2025-12-15 08:05:39,158 INFO: Redirection de omar@voyagesdz.dz (Rôle: DIRECTOR_SITE) vers l'endpoint dashboard.director_site [in C:\Users\TRANSHOST\OneDrive\Bureau\cntlacc\SSAD-Cntrl-Acc-Projet\app.py:96]
2025-12-15 08:06:11,719 INFO: Redirection de omar@voyagesdz.dz (Rôle: DIRECTOR_SITE) vers l'endpoint dashboard.director_site [in C:\Users\TRANSHOST\OneDrive\Bureau\cntlacc\SSAD-Cntrl-Acc-Projet\app.py:96]
2025-12-15 08:06:53,461 INFO: Redirection de ahmed@voyagesdz.dz (Rôle: GENERAL_DIRECTOR) vers l'endpoint dashboard.general_director [in C:\Users\TRANSHOST\OneDrive\Bureau\cntlacc\SSAD-Cntrl-Acc-Projet\app.py:96]
